{"__type":"$$EventMessageAudit","id":"94168c2d-696c-4523-b295-e4317b3ede29","ts":"2026-04-01T07:40:37.259+00:00","eventName":"n8n.audit.workflow.created","message":"n8n.audit.workflow.created","payload":{"userId":"4cfd1c9b-2d4b-4dfe-aef0-8f43e09e534a","_email":"admin@example.com","_firstName":"admin","_lastName":"user","globalRole":"global:owner","workflowId":"LdHeJoGJFufEegTD","workflowName":"My workflow"}}
{"__type":"$$EventMessageConfirm","confirm":"94168c2d-696c-4523-b295-e4317b3ede29","ts":"2026-04-01T07:40:37.260+00:00","source":{"id":"0","name":"eventBus"}}
{"__type":"$$EventMessageAudit","id":"3b671105-7fc5-472d-a8fe-65e3839c5710","ts":"2026-04-01T07:40:39.866+00:00","eventName":"n8n.audit.workflow.updated","message":"n8n.audit.workflow.updated","payload":{"userId":"4cfd1c9b-2d4b-4dfe-aef0-8f43e09e534a","_email":"admin@example.com","_firstName":"admin","_lastName":"user","globalRole":"global:owner","workflowId":"LdHeJoGJFufEegTD","workflowName":"My workflow"}}
{"__type":"$$EventMessageConfirm","confirm":"3b671105-7fc5-472d-a8fe-65e3839c5710","ts":"2026-04-01T07:40:39.866+00:00","source":{"id":"0","name":"eventBus"}}
{"__type":"$$EventMessageAudit","id":"afb14a67-45c3-4c57-8dda-12264dcd1953","ts":"2026-04-01T07:45:13.004+00:00","eventName":"n8n.audit.workflow.updated","message":"n8n.audit.workflow.updated","payload":{"userId":"4cfd1c9b-2d4b-4dfe-aef0-8f43e09e534a","_email":"admin@example.com","_firstName":"admin","_lastName":"user","globalRole":"global:owner","workflowId":"LdHeJoGJFufEegTD","workflowName":"Test Set Node Workflow"}}
{"__type":"$$EventMessageConfirm","confirm":"afb14a67-45c3-4c57-8dda-12264dcd1953","ts":"2026-04-01T07:45:13.005+00:00","source":{"id":"0","name":"eventBus"}}
{"__type":"$$EventMessageAudit","id":"c96e98ff-eec7-40a8-a5aa-2f1352d3ca5e","ts":"2026-04-01T07:45:16.351+00:00","eventName":"n8n.audit.workflow.updated","message":"n8n.audit.workflow.updated","payload":{"userId":"4cfd1c9b-2d4b-4dfe-aef0-8f43e09e534a","_email":"admin@example.com","_firstName":"admin","_lastName":"user","globalRole":"global:owner","workflowId":"LdHeJoGJFufEegTD","workflowName":"Test Set Node Workflow"}}
{"__type":"$$EventMessageConfirm","confirm":"c96e98ff-eec7-40a8-a5aa-2f1352d3ca5e","ts":"2026-04-01T07:45:16.352+00:00","source":{"id":"0","name":"eventBus"}}
{"__type":"$$EventMessageWorkflow","id":"7585e3da-0874-4e23-a164-acdb0a93f5a5","ts":"2026-04-01T07:45:28.156+00:00","eventName":"n8n.workflow.started","message":"n8n.workflow.started","payload":{"executionId":"1","workflowId":"LdHeJoGJFufEegTD","isManual":false,"mode":"manual","workflowName":"Test Set Node Workflow"}}
{"__type":"$$EventMessageConfirm","confirm":"7585e3da-0874-4e23-a164-acdb0a93f5a5","ts":"2026-04-01T07:45:28.157+00:00","source":{"id":"0","name":"eventBus"}}
{"__type":"$$EventMessageAudit","id":"a0399853-5e7e-4623-8ff3-e7edd0b68e1c","ts":"2026-04-01T07:45:28.159+00:00","eventName":"n8n.audit.workflow.executed","message":"n8n.audit.workflow.executed","payload":{"userId":"4cfd1c9b-2d4b-4dfe-aef0-8f43e09e534a","_email":"admin@example.com","_firstName":"admin","_lastName":"user","globalRole":"global:owner","workflowId":"LdHeJoGJFufEegTD","workflowName":"Test Set Node Workflow","executionId":"1","source":"user-manual"}}
{"__type":"$$EventMessageConfirm","confirm":"a0399853-5e7e-4623-8ff3-e7edd0b68e1c","ts":"2026-04-01T07:45:28.159+00:00","source":{"id":"0","name":"eventBus"}}
{"__type":"$$EventMessageNode","id":"38345d1d-1342-4550-9ad9-86043f86443c","ts":"2026-04-01T07:45:28.182+00:00","eventName":"n8n.node.started","message":"n8n.node.started","payload":{"workflowId":"LdHeJoGJFufEegTD","workflowName":"Test Set Node Workflow","executionId":"1","nodeType":"n8n-nodes-base.set","nodeName":"Set Node","nodeId":"5d68de0c-037c-4ad1-8013-0c4537d05c2a"}}
{"__type":"$$EventMessageConfirm","confirm":"38345d1d-1342-4550-9ad9-86043f86443c","ts":"2026-04-01T07:45:28.182+00:00","source":{"id":"0","name":"eventBus"}}
{"__type":"$$EventMessageNode","id":"f28ce4dc-f862-4728-bc26-58184493d850","ts":"2026-04-01T07:45:28.196+00:00","eventName":"n8n.node.finished","message":"n8n.node.finished","payload":{"workflowId":"LdHeJoGJFufEegTD","workflowName":"Test Set Node Workflow","executionId":"1","nodeType":"n8n-nodes-base.set","nodeName":"Set Node","nodeId":"5d68de0c-037c-4ad1-8013-0c4537d05c2a"}}
{"__type":"$$EventMessageConfirm","confirm":"f28ce4dc-f862-4728-bc26-58184493d850","ts":"2026-04-01T07:45:28.196+00:00","source":{"id":"0","name":"eventBus"}}
{"__type":"$$EventMessageWorkflow","id":"df07b46d-a0c5-4bec-a244-ab9e34b0dbb4","ts":"2026-04-01T07:45:28.202+00:00","eventName":"n8n.workflow.success","message":"n8n.workflow.success","payload":{"userId":"4cfd1c9b-2d4b-4dfe-aef0-8f43e09e534a","executionId":"1","success":true,"isManual":true,"mode":"manual","workflowId":"LdHeJoGJFufEegTD","workflowName":"Test Set Node Workflow"}}
{"__type":"$$EventMessageConfirm","confirm":"df07b46d-a0c5-4bec-a244-ab9e34b0dbb4","ts":"2026-04-01T07:45:28.203+00:00","source":{"id":"0","name":"eventBus"}}
{"__type":"$$EventMessageWorkflow","id":"a8638d73-7eee-468a-9537-55290025a639","ts":"2026-04-01T07:45:31.503+00:00","eventName":"n8n.workflow.started","message":"n8n.workflow.started","payload":{"executionId":"2","workflowId":"LdHeJoGJFufEegTD","isManual":false,"mode":"manual","workflowName":"Test Set Node Workflow"}}
{"__type":"$$EventMessageConfirm","confirm":"a8638d73-7eee-468a-9537-55290025a639","ts":"2026-04-01T07:45:31.504+00:00","source":{"id":"0","name":"eventBus"}}
{"__type":"$$EventMessageAudit","id":"469d1d80-626a-43b4-8184-59958f264df2","ts":"2026-04-01T07:45:31.505+00:00","eventName":"n8n.audit.workflow.executed","message":"n8n.audit.workflow.executed","payload":{"userId":"4cfd1c9b-2d4b-4dfe-aef0-8f43e09e534a","_email":"admin@example.com","_firstName":"admin","_lastName":"user","globalRole":"global:owner","workflowId":"LdHeJoGJFufEegTD","workflowName":"Test Set Node Workflow","executionId":"2","source":"user-manual"}}
{"__type":"$$EventMessageConfirm","confirm":"469d1d80-626a-43b4-8184-59958f264df2","ts":"2026-04-01T07:45:31.505+00:00","source":{"id":"0","name":"eventBus"}}
{"__type":"$$EventMessageNode","id":"596d3844-a9de-4288-9947-9ecfd416a99e","ts":"2026-04-01T07:45:31.522+00:00","eventName":"n8n.node.started","message":"n8n.node.started","payload":{"workflowId":"LdHeJoGJFufEegTD","workflowName":"Test Set Node Workflow","executionId":"2","nodeType":"n8n-nodes-base.noOp","nodeName":"Debug Node","nodeId":"642ef5fa-0346-454d-a862-11de1ce27854"}}
{"__type":"$$EventMessageConfirm","confirm":"596d3844-a9de-4288-9947-9ecfd416a99e","ts":"2026-04-01T07:45:31.522+00:00","source":{"id":"0","name":"eventBus"}}
{"__type":"$$EventMessageNode","id":"f679df39-30b1-43ed-aced-ade80a3d26e7","ts":"2026-04-01T07:45:31.523+00:00","eventName":"n8n.node.finished","message":"n8n.node.finished","payload":{"workflowId":"LdHeJoGJFufEegTD","workflowName":"Test Set Node Workflow","executionId":"2","nodeType":"n8n-nodes-base.noOp","nodeName":"Debug Node","nodeId":"642ef5fa-0346-454d-a862-11de1ce27854"}}
{"__type":"$$EventMessageConfirm","confirm":"f679df39-30b1-43ed-aced-ade80a3d26e7","ts":"2026-04-01T07:45:31.524+00:00","source":{"id":"0","name":"eventBus"}}
{"__type":"$$EventMessageWorkflow","id":"59aa12a5-1390-4732-bce8-2a981fdfa776","ts":"2026-04-01T07:45:31.532+00:00","eventName":"n8n.workflow.success","message":"n8n.workflow.success","payload":{"userId":"4cfd1c9b-2d4b-4dfe-aef0-8f43e09e534a","executionId":"2","success":true,"isManual":true,"mode":"manual","workflowId":"LdHeJoGJFufEegTD","workflowName":"Test Set Node Workflow"}}
{"__type":"$$EventMessageConfirm","confirm":"59aa12a5-1390-4732-bce8-2a981fdfa776","ts":"2026-04-01T07:45:31.532+00:00","source":{"id":"0","name":"eventBus"}}
{"__type":"$$EventMessageAudit","id":"7ce73acc-2566-4e86-a292-bed1582175f4","ts":"2026-04-01T07:45:45.349+00:00","eventName":"n8n.audit.workflow.updated","message":"n8n.audit.workflow.updated","payload":{"userId":"4cfd1c9b-2d4b-4dfe-aef0-8f43e09e534a","_email":"admin@example.com","_firstName":"admin","_lastName":"user","globalRole":"global:owner","workflowId":"LdHeJoGJFufEegTD","workflowName":"Test Set Node Workflow"}}
{"__type":"$$EventMessageConfirm","confirm":"7ce73acc-2566-4e86-a292-bed1582175f4","ts":"2026-04-01T07:45:45.349+00:00","source":{"id":"0","name":"eventBus"}}
{"__type":"$$EventMessageAudit","id":"57a8a98f-88ae-4b3d-9c16-aef2578c010b","ts":"2026-04-01T07:45:48.870+00:00","eventName":"n8n.audit.workflow.updated","message":"n8n.audit.workflow.updated","payload":{"userId":"4cfd1c9b-2d4b-4dfe-aef0-8f43e09e534a","_email":"admin@example.com","_firstName":"admin","_lastName":"user","globalRole":"global:owner","workflowId":"LdHeJoGJFufEegTD","workflowName":"Test Set Node Workflow"}}
{"__type":"$$EventMessageConfirm","confirm":"57a8a98f-88ae-4b3d-9c16-aef2578c010b","ts":"2026-04-01T07:45:48.871+00:00","source":{"id":"0","name":"eventBus"}}
{"__type":"$$EventMessageAudit","id":"1e4ebbab-c705-46e8-8201-0ac8d05866ae","ts":"2026-04-01T07:45:50.545+00:00","eventName":"n8n.audit.workflow.updated","message":"n8n.audit.workflow.updated","payload":{"userId":"4cfd1c9b-2d4b-4dfe-aef0-8f43e09e534a","_email":"admin@example.com","_firstName":"admin","_lastName":"user","globalRole":"global:owner","workflowId":"LdHeJoGJFufEegTD","workflowName":"Test Set Node Workflow"}}
{"__type":"$$EventMessageConfirm","confirm":"1e4ebbab-c705-46e8-8201-0ac8d05866ae","ts":"2026-04-01T07:45:50.546+00:00","source":{"id":"0","name":"eventBus"}}
{"__type":"$$EventMessageWorkflow","id":"fe0bd1da-50db-4ee2-b337-308a9b555de0","ts":"2026-04-01T07:45:51.297+00:00","eventName":"n8n.workflow.started","message":"n8n.workflow.started","payload":{"executionId":"3","workflowId":"LdHeJoGJFufEegTD","isManual":false,"mode":"manual","workflowName":"Test Set Node Workflow"}}
{"__type":"$$EventMessageConfirm","confirm":"fe0bd1da-50db-4ee2-b337-308a9b555de0","ts":"2026-04-01T07:45:51.297+00:00","source":{"id":"0","name":"eventBus"}}
{"__type":"$$EventMessageAudit","id":"3d802ff2-ccf2-4f89-87b8-bc7b91015477","ts":"2026-04-01T07:45:51.299+00:00","eventName":"n8n.audit.workflow.executed","message":"n8n.audit.workflow.executed","payload":{"userId":"4cfd1c9b-2d4b-4dfe-aef0-8f43e09e534a","_email":"admin@example.com","_firstName":"admin","_lastName":"user","globalRole":"global:owner","workflowId":"LdHeJoGJFufEegTD","workflowName":"Test Set Node Workflow","executionId":"3","source":"user-manual"}}
{"__type":"$$EventMessageConfirm","confirm":"3d802ff2-ccf2-4f89-87b8-bc7b91015477","ts":"2026-04-01T07:45:51.299+00:00","source":{"id":"0","name":"eventBus"}}
{"__type":"$$EventMessageNode","id":"88a462aa-c4d9-4537-9e40-b746a6242155","ts":"2026-04-01T07:45:51.325+00:00","eventName":"n8n.node.started","message":"n8n.node.started","payload":{"workflowId":"LdHeJoGJFufEegTD","workflowName":"Test Set Node Workflow","executionId":"3","nodeType":"n8n-nodes-base.manualTrigger","nodeName":"When clicking ‘Execute workflow’","nodeId":"ef5e47d5-f716-4848-8b84-7d622267fa87"}}
{"__type":"$$EventMessageConfirm","confirm":"88a462aa-c4d9-4537-9e40-b746a6242155","ts":"2026-04-01T07:45:51.325+00:00","source":{"id":"0","name":"eventBus"}}
{"__type":"$$EventMessageNode","id":"b4fb8b4b-4d93-4ba7-8fbf-a30af2d9426c","ts":"2026-04-01T07:45:51.327+00:00","eventName":"n8n.node.finished","message":"n8n.node.finished","payload":{"workflowId":"LdHeJoGJFufEegTD","workflowName":"Test Set Node Workflow","executionId":"3","nodeType":"n8n-nodes-base.manualTrigger","nodeName":"When clicking ‘Execute workflow’","nodeId":"ef5e47d5-f716-4848-8b84-7d622267fa87"}}
{"__type":"$$EventMessageConfirm","confirm":"b4fb8b4b-4d93-4ba7-8fbf-a30af2d9426c","ts":"2026-04-01T07:45:51.328+00:00","source":{"id":"0","name":"eventBus"}}
{"__type":"$$EventMessageWorkflow","id":"02c6b191-7886-48a6-8ede-b530fef5422c","ts":"2026-04-01T07:45:51.336+00:00","eventName":"n8n.workflow.success","message":"n8n.workflow.success","payload":{"userId":"4cfd1c9b-2d4b-4dfe-aef0-8f43e09e534a","executionId":"3","success":true,"isManual":true,"mode":"manual","workflowId":"LdHeJoGJFufEegTD","workflowName":"Test Set Node Workflow"}}
{"__type":"$$EventMessageConfirm","confirm":"02c6b191-7886-48a6-8ede-b530fef5422c","ts":"2026-04-01T07:45:51.336+00:00","source":{"id":"0","name":"eventBus"}}
{"__type":"$$EventMessageWorkflow","id":"6c9c7e9a-8994-4b4a-b4af-7ea621bea444","ts":"2026-04-01T07:45:54.580+00:00","eventName":"n8n.workflow.started","message":"n8n.workflow.started","payload":{"executionId":"4","workflowId":"LdHeJoGJFufEegTD","isManual":false,"mode":"manual","workflowName":"Test Set Node Workflow"}}
{"__type":"$$EventMessageConfirm","confirm":"6c9c7e9a-8994-4b4a-b4af-7ea621bea444","ts":"2026-04-01T07:45:54.580+00:00","source":{"id":"0","name":"eventBus"}}
{"__type":"$$EventMessageAudit","id":"0629e005-434e-4726-a98c-3626201797d9","ts":"2026-04-01T07:45:54.581+00:00","eventName":"n8n.audit.workflow.executed","message":"n8n.audit.workflow.executed","payload":{"userId":"4cfd1c9b-2d4b-4dfe-aef0-8f43e09e534a","_email":"admin@example.com","_firstName":"admin","_lastName":"user","globalRole":"global:owner","workflowId":"LdHeJoGJFufEegTD","workflowName":"Test Set Node Workflow","executionId":"4","source":"user-manual"}}
{"__type":"$$EventMessageConfirm","confirm":"0629e005-434e-4726-a98c-3626201797d9","ts":"2026-04-01T07:45:54.581+00:00","source":{"id":"0","name":"eventBus"}}
{"__type":"$$EventMessageNode","id":"45bb7da0-2bef-410f-9d28-db4796ffc079","ts":"2026-04-01T07:45:54.603+00:00","eventName":"n8n.node.started","message":"n8n.node.started","payload":{"workflowId":"LdHeJoGJFufEegTD","workflowName":"Test Set Node Workflow","executionId":"4","nodeType":"n8n-nodes-base.manualTrigger","nodeName":"When clicking ‘Execute workflow’","nodeId":"ef5e47d5-f716-4848-8b84-7d622267fa87"}}
{"__type":"$$EventMessageConfirm","confirm":"45bb7da0-2bef-410f-9d28-db4796ffc079","ts":"2026-04-01T07:45:54.603+00:00","source":{"id":"0","name":"eventBus"}}
{"__type":"$$EventMessageNode","id":"6304a9b4-7d0b-4ca1-aaeb-82151a382b60","ts":"2026-04-01T07:45:54.604+00:00","eventName":"n8n.node.finished","message":"n8n.node.finished","payload":{"workflowId":"LdHeJoGJFufEegTD","workflowName":"Test Set Node Workflow","executionId":"4","nodeType":"n8n-nodes-base.manualTrigger","nodeName":"When clicking ‘Execute workflow’","nodeId":"ef5e47d5-f716-4848-8b84-7d622267fa87"}}
{"__type":"$$EventMessageConfirm","confirm":"6304a9b4-7d0b-4ca1-aaeb-82151a382b60","ts":"2026-04-01T07:45:54.604+00:00","source":{"id":"0","name":"eventBus"}}
{"__type":"$$EventMessageWorkflow","id":"53acf62d-458d-4c43-a01d-899272d0935f","ts":"2026-04-01T07:45:54.613+00:00","eventName":"n8n.workflow.success","message":"n8n.workflow.success","payload":{"userId":"4cfd1c9b-2d4b-4dfe-aef0-8f43e09e534a","executionId":"4","success":true,"isManual":true,"mode":"manual","workflowId":"LdHeJoGJFufEegTD","workflowName":"Test Set Node Workflow"}}
{"__type":"$$EventMessageConfirm","confirm":"53acf62d-458d-4c43-a01d-899272d0935f","ts":"2026-04-01T07:45:54.613+00:00","source":{"id":"0","name":"eventBus"}}
{"__type":"$$EventMessageWorkflow","id":"a9772a5b-8df5-45df-8a7c-9c305f5d40f0","ts":"2026-04-01T07:46:04.290+00:00","eventName":"n8n.workflow.started","message":"n8n.workflow.started","payload":{"executionId":"5","workflowId":"LdHeJoGJFufEegTD","isManual":false,"mode":"manual","workflowName":"Test Set Node Workflow"}}
{"__type":"$$EventMessageConfirm","confirm":"a9772a5b-8df5-45df-8a7c-9c305f5d40f0","ts":"2026-04-01T07:46:04.290+00:00","source":{"id":"0","name":"eventBus"}}
{"__type":"$$EventMessageAudit","id":"8a9cf997-0d94-4bb8-99fb-8145239b1ced","ts":"2026-04-01T07:46:04.291+00:00","eventName":"n8n.audit.workflow.executed","message":"n8n.audit.workflow.executed","payload":{"userId":"4cfd1c9b-2d4b-4dfe-aef0-8f43e09e534a","_email":"admin@example.com","_firstName":"admin","_lastName":"user","globalRole":"global:owner","workflowId":"LdHeJoGJFufEegTD","workflowName":"Test Set Node Workflow","executionId":"5","source":"user-manual"}}
{"__type":"$$EventMessageConfirm","confirm":"8a9cf997-0d94-4bb8-99fb-8145239b1ced","ts":"2026-04-01T07:46:04.291+00:00","source":{"id":"0","name":"eventBus"}}
{"__type":"$$EventMessageNode","id":"d71139e1-807f-48ad-b55f-795df4962fc5","ts":"2026-04-01T07:46:04.312+00:00","eventName":"n8n.node.started","message":"n8n.node.started","payload":{"workflowId":"LdHeJoGJFufEegTD","workflowName":"Test Set Node Workflow","executionId":"5","nodeType":"n8n-nodes-base.manualTrigger","nodeName":"When clicking ‘Execute workflow’","nodeId":"ef5e47d5-f716-4848-8b84-7d622267fa87"}}
{"__type":"$$EventMessageConfirm","confirm":"d71139e1-807f-48ad-b55f-795df4962fc5","ts":"2026-04-01T07:46:04.312+00:00","source":{"id":"0","name":"eventBus"}}
{"__type":"$$EventMessageNode","id":"3bf102a8-64c9-4198-bbe6-6ba124800f73","ts":"2026-04-01T07:46:04.315+00:00","eventName":"n8n.node.finished","message":"n8n.node.finished","payload":{"workflowId":"LdHeJoGJFufEegTD","workflowName":"Test Set Node Workflow","executionId":"5","nodeType":"n8n-nodes-base.manualTrigger","nodeName":"When clicking ‘Execute workflow’","nodeId":"ef5e47d5-f716-4848-8b84-7d622267fa87"}}
{"__type":"$$EventMessageConfirm","confirm":"3bf102a8-64c9-4198-bbe6-6ba124800f73","ts":"2026-04-01T07:46:04.316+00:00","source":{"id":"0","name":"eventBus"}}
{"__type":"$$EventMessageNode","id":"07200213-be7b-4e46-b205-c12117b99a78","ts":"2026-04-01T07:46:04.320+00:00","eventName":"n8n.node.started","message":"n8n.node.started","payload":{"workflowId":"LdHeJoGJFufEegTD","workflowName":"Test Set Node Workflow","executionId":"5","nodeType":"n8n-nodes-base.set","nodeName":"Set Node","nodeId":"5d68de0c-037c-4ad1-8013-0c4537d05c2a"}}
{"__type":"$$EventMessageConfirm","confirm":"07200213-be7b-4e46-b205-c12117b99a78","ts":"2026-04-01T07:46:04.320+00:00","source":{"id":"0","name":"eventBus"}}
{"__type":"$$EventMessageNode","id":"9f347808-f1b2-46ad-b49d-b3aebc24feb7","ts":"2026-04-01T07:46:04.323+00:00","eventName":"n8n.node.finished","message":"n8n.node.finished","payload":{"workflowId":"LdHeJoGJFufEegTD","workflowName":"Test Set Node Workflow","executionId":"5","nodeType":"n8n-nodes-base.set","nodeName":"Set Node","nodeId":"5d68de0c-037c-4ad1-8013-0c4537d05c2a"}}
{"__type":"$$EventMessageConfirm","confirm":"9f347808-f1b2-46ad-b49d-b3aebc24feb7","ts":"2026-04-01T07:46:04.323+00:00","source":{"id":"0","name":"eventBus"}}
{"__type":"$$EventMessageNode","id":"9fec4add-e3af-4140-baaf-29c7433ce772","ts":"2026-04-01T07:46:04.324+00:00","eventName":"n8n.node.started","message":"n8n.node.started","payload":{"workflowId":"LdHeJoGJFufEegTD","workflowName":"Test Set Node Workflow","executionId":"5","nodeType":"n8n-nodes-base.noOp","nodeName":"Debug Node","nodeId":"642ef5fa-0346-454d-a862-11de1ce27854"}}
{"__type":"$$EventMessageConfirm","confirm":"9fec4add-e3af-4140-baaf-29c7433ce772","ts":"2026-04-01T07:46:04.324+00:00","source":{"id":"0","name":"eventBus"}}
{"__type":"$$EventMessageNode","id":"2c42f80f-9617-4634-ab8c-f2c793aba09b","ts":"2026-04-01T07:46:04.325+00:00","eventName":"n8n.node.finished","message":"n8n.node.finished","payload":{"workflowId":"LdHeJoGJFufEegTD","workflowName":"Test Set Node Workflow","executionId":"5","nodeType":"n8n-nodes-base.noOp","nodeName":"Debug Node","nodeId":"642ef5fa-0346-454d-a862-11de1ce27854"}}
{"__type":"$$EventMessageConfirm","confirm":"2c42f80f-9617-4634-ab8c-f2c793aba09b","ts":"2026-04-01T07:46:04.325+00:00","source":{"id":"0","name":"eventBus"}}
{"__type":"$$EventMessageWorkflow","id":"6f26f982-b071-4f2f-8e01-684c349ca6c2","ts":"2026-04-01T07:46:04.327+00:00","eventName":"n8n.workflow.success","message":"n8n.workflow.success","payload":{"userId":"4cfd1c9b-2d4b-4dfe-aef0-8f43e09e534a","executionId":"5","success":true,"isManual":true,"mode":"manual","workflowId":"LdHeJoGJFufEegTD","workflowName":"Test Set Node Workflow"}}
{"__type":"$$EventMessageConfirm","confirm":"6f26f982-b071-4f2f-8e01-684c349ca6c2","ts":"2026-04-01T07:46:04.328+00:00","source":{"id":"0","name":"eventBus"}}
{"__type":"$$EventMessageWorkflow","id":"c9b54187-16dc-48ca-b2a4-2359fb058b41","ts":"2026-04-01T07:46:32.583+00:00","eventName":"n8n.workflow.started","message":"n8n.workflow.started","payload":{"executionId":"6","workflowId":"LdHeJoGJFufEegTD","isManual":false,"mode":"manual","workflowName":"Test Set Node Workflow"}}
{"__type":"$$EventMessageConfirm","confirm":"c9b54187-16dc-48ca-b2a4-2359fb058b41","ts":"2026-04-01T07:46:32.583+00:00","source":{"id":"0","name":"eventBus"}}
{"__type":"$$EventMessageAudit","id":"e5e61007-2683-46ef-8b27-f3bc2e2a830e","ts":"2026-04-01T07:46:32.585+00:00","eventName":"n8n.audit.workflow.executed","message":"n8n.audit.workflow.executed","payload":{"userId":"4cfd1c9b-2d4b-4dfe-aef0-8f43e09e534a","_email":"admin@example.com","_firstName":"admin","_lastName":"user","globalRole":"global:owner","workflowId":"LdHeJoGJFufEegTD","workflowName":"Test Set Node Workflow","executionId":"6","source":"user-manual"}}
{"__type":"$$EventMessageConfirm","confirm":"e5e61007-2683-46ef-8b27-f3bc2e2a830e","ts":"2026-04-01T07:46:32.585+00:00","source":{"id":"0","name":"eventBus"}}
{"__type":"$$EventMessageNode","id":"510cc737-2f9d-4b89-98e2-7d7731397de0","ts":"2026-04-01T07:46:32.605+00:00","eventName":"n8n.node.started","message":"n8n.node.started","payload":{"workflowId":"LdHeJoGJFufEegTD","workflowName":"Test Set Node Workflow","executionId":"6","nodeType":"n8n-nodes-base.manualTrigger","nodeName":"When clicking ‘Execute workflow’","nodeId":"ef5e47d5-f716-4848-8b84-7d622267fa87"}}
{"__type":"$$EventMessageConfirm","confirm":"510cc737-2f9d-4b89-98e2-7d7731397de0","ts":"2026-04-01T07:46:32.605+00:00","source":{"id":"0","name":"eventBus"}}
{"__type":"$$EventMessageNode","id":"6fe62cb1-5c38-4f3c-a0f5-95e11940f860","ts":"2026-04-01T07:46:32.607+00:00","eventName":"n8n.node.finished","message":"n8n.node.finished","payload":{"workflowId":"LdHeJoGJFufEegTD","workflowName":"Test Set Node Workflow","executionId":"6","nodeType":"n8n-nodes-base.manualTrigger","nodeName":"When clicking ‘Execute workflow’","nodeId":"ef5e47d5-f716-4848-8b84-7d622267fa87"}}
{"__type":"$$EventMessageConfirm","confirm":"6fe62cb1-5c38-4f3c-a0f5-95e11940f860","ts":"2026-04-01T07:46:32.607+00:00","source":{"id":"0","name":"eventBus"}}
{"__type":"$$EventMessageNode","id":"633f099f-b5a8-4173-bca4-346d69837c68","ts":"2026-04-01T07:46:32.608+00:00","eventName":"n8n.node.started","message":"n8n.node.started","payload":{"workflowId":"LdHeJoGJFufEegTD","workflowName":"Test Set Node Workflow","executionId":"6","nodeType":"n8n-nodes-base.set","nodeName":"Set Node","nodeId":"5d68de0c-037c-4ad1-8013-0c4537d05c2a"}}
{"__type":"$$EventMessageConfirm","confirm":"633f099f-b5a8-4173-bca4-346d69837c68","ts":"2026-04-01T07:46:32.608+00:00","source":{"id":"0","name":"eventBus"}}
{"__type":"$$EventMessageNode","id":"776d0ee9-eff5-4eb7-8c63-58155ea53aff","ts":"2026-04-01T07:46:32.613+00:00","eventName":"n8n.node.finished","message":"n8n.node.finished","payload":{"workflowId":"LdHeJoGJFufEegTD","workflowName":"Test Set Node Workflow","executionId":"6","nodeType":"n8n-nodes-base.set","nodeName":"Set Node","nodeId":"5d68de0c-037c-4ad1-8013-0c4537d05c2a"}}
{"__type":"$$EventMessageConfirm","confirm":"776d0ee9-eff5-4eb7-8c63-58155ea53aff","ts":"2026-04-01T07:46:32.613+00:00","source":{"id":"0","name":"eventBus"}}
{"__type":"$$EventMessageNode","id":"794e4c9b-2cd9-4cdf-b6fc-dfd9e1593725","ts":"2026-04-01T07:46:32.617+00:00","eventName":"n8n.node.started","message":"n8n.node.started","payload":{"workflowId":"LdHeJoGJFufEegTD","workflowName":"Test Set Node Workflow","executionId":"6","nodeType":"n8n-nodes-base.noOp","nodeName":"Debug Node","nodeId":"642ef5fa-0346-454d-a862-11de1ce27854"}}
{"__type":"$$EventMessageConfirm","confirm":"794e4c9b-2cd9-4cdf-b6fc-dfd9e1593725","ts":"2026-04-01T07:46:32.618+00:00","source":{"id":"0","name":"eventBus"}}
{"__type":"$$EventMessageNode","id":"9778cba1-7a73-4625-8b3c-356fb1489cd8","ts":"2026-04-01T07:46:32.619+00:00","eventName":"n8n.node.finished","message":"n8n.node.finished","payload":{"workflowId":"LdHeJoGJFufEegTD","workflowName":"Test Set Node Workflow","executionId":"6","nodeType":"n8n-nodes-base.noOp","nodeName":"Debug Node","nodeId":"642ef5fa-0346-454d-a862-11de1ce27854"}}
{"__type":"$$EventMessageConfirm","confirm":"9778cba1-7a73-4625-8b3c-356fb1489cd8","ts":"2026-04-01T07:46:32.619+00:00","source":{"id":"0","name":"eventBus"}}
{"__type":"$$EventMessageWorkflow","id":"5ca54289-998d-4348-9052-993e324819f0","ts":"2026-04-01T07:46:32.623+00:00","eventName":"n8n.workflow.success","message":"n8n.workflow.success","payload":{"userId":"4cfd1c9b-2d4b-4dfe-aef0-8f43e09e534a","executionId":"6","success":true,"isManual":true,"mode":"manual","workflowId":"LdHeJoGJFufEegTD","workflowName":"Test Set Node Workflow"}}
{"__type":"$$EventMessageConfirm","confirm":"5ca54289-998d-4348-9052-993e324819f0","ts":"2026-04-01T07:46:32.623+00:00","source":{"id":"0","name":"eventBus"}}
